::1 - - [23/Apr/2018:12:41:31 +0000] "GET /todo HTTP/1.1" 200 1066 "-" "Mozilla/5.0 (Windows NT 10.0; Win64; x64) AppleWebKit/537.36 (KHTML, like Gecko) Chrome/65.0.3325.181 Safari/537.36"
::1 - - [23/Apr/2018:12:41:38 +0000] "GET /todo/delete/1 HTTP/1.1" 302 54 "http://localhost:8080/todo" "Mozilla/5.0 (Windows NT 10.0; Win64; x64) AppleWebKit/537.36 (KHTML, like Gecko) Chrome/65.0.3325.181 Safari/537.36"
::1 - - [23/Apr/2018:12:41:38 +0000] "GET /todo HTTP/1.1" 200 927 "http://localhost:8080/todo" "Mozilla/5.0 (Windows NT 10.0; Win64; x64) AppleWebKit/537.36 (KHTML, like Gecko) Chrome/65.0.3325.181 Safari/537.36"
::1 - - [23/Apr/2018:12:54:02 +0000] "GET /todo HTTP/1.1" 200 309 "-" "Mozilla/5.0 (Windows NT 10.0; Win64; x64) AppleWebKit/537.36 (KHTML, like Gecko) Chrome/65.0.3325.181 Safari/537.36"
::1 - - [23/Apr/2018:13:02:29 +0000] "GET /todo HTTP/1.1" 500 1510 "-" "Mozilla/5.0 (Windows NT 10.0; Win64; x64) AppleWebKit/537.36 (KHTML, like Gecko) Chrome/65.0.3325.181 Safari/537.36"
::1 - - [23/Apr/2018:13:29:00 +0000] "GET /todo HTTP/1.1" 500 1510 "-" "Mozilla/5.0 (Windows NT 10.0; Win64; x64) AppleWebKit/537.36 (KHTML, like Gecko) Chrome/65.0.3325.181 Safari/537.36"
::1 - - [23/Apr/2018:13:29:23 +0000] "GET /todo HTTP/1.1" 500 1510 "-" "Mozilla/5.0 (Windows NT 10.0; Win64; x64) AppleWebKit/537.36 (KHTML, like Gecko) Chrome/65.0.3325.181 Safari/537.36"
::1 - - [23/Apr/2018:13:31:00 +0000] "GET /todo HTTP/1.1" 500 1510 "-" "Mozilla/5.0 (Windows NT 10.0; Win64; x64) AppleWebKit/537.36 (KHTML, like Gecko) Chrome/65.0.3325.181 Safari/537.36"
::1 - - [23/Apr/2018:13:31:08 +0000] "GET /todo HTTP/1.1" 500 1510 "-" "Mozilla/5.0 (Windows NT 10.0; Win64; x64) AppleWebKit/537.36 (KHTML, like Gecko) Chrome/65.0.3325.181 Safari/537.36"
::1 - - [23/Apr/2018:13:33:06 +0000] "GET /todo HTTP/1.1" 200 988 "-" "Mozilla/5.0 (Windows NT 10.0; Win64; x64) AppleWebKit/537.36 (KHTML, like Gecko) Chrome/65.0.3325.181 Safari/537.36"
::1 - - [23/Apr/2018:13:33:11 +0000] "GET /todo/delete/1 HTTP/1.1" 302 54 "http://localhost:8080/todo" "Mozilla/5.0 (Windows NT 10.0; Win64; x64) AppleWebKit/537.36 (KHTML, like Gecko) Chrome/65.0.3325.181 Safari/537.36"
::1 - - [23/Apr/2018:13:33:11 +0000] "GET /todo HTTP/1.1" 200 861 "http://localhost:8080/todo" "Mozilla/5.0 (Windows NT 10.0; Win64; x64) AppleWebKit/537.36 (KHTML, like Gecko) Chrome/65.0.3325.181 Safari/537.36"
::1 - - [23/Apr/2018:13:33:11 +0000] "GET /todo/delete/2 HTTP/1.1" 302 54 "http://localhost:8080/todo" "Mozilla/5.0 (Windows NT 10.0; Win64; x64) AppleWebKit/537.36 (KHTML, like Gecko) Chrome/65.0.3325.181 Safari/537.36"
::1 - - [23/Apr/2018:13:33:12 +0000] "GET /todo HTTP/1.1" 200 736 "http://localhost:8080/todo" "Mozilla/5.0 (Windows NT 10.0; Win64; x64) AppleWebKit/537.36 (KHTML, like Gecko) Chrome/65.0.3325.181 Safari/537.36"
::1 - - [23/Apr/2018:13:33:12 +0000] "GET /todo/delete/3 HTTP/1.1" 302 54 "http://localhost:8080/todo" "Mozilla/5.0 (Windows NT 10.0; Win64; x64) AppleWebKit/537.36 (KHTML, like Gecko) Chrome/65.0.3325.181 Safari/537.36"
::1 - - [23/Apr/2018:13:33:12 +0000] "GET /todo HTTP/1.1" 200 610 "http://localhost:8080/todo" "Mozilla/5.0 (Windows NT 10.0; Win64; x64) AppleWebKit/537.36 (KHTML, like Gecko) Chrome/65.0.3325.181 Safari/537.36"
::1 - - [23/Apr/2018:13:33:13 +0000] "GET /todo/delete/4 HTTP/1.1" 302 54 "http://localhost:8080/todo" "Mozilla/5.0 (Windows NT 10.0; Win64; x64) AppleWebKit/537.36 (KHTML, like Gecko) Chrome/65.0.3325.181 Safari/537.36"
::1 - - [23/Apr/2018:13:33:13 +0000] "GET /todo HTTP/1.1" 200 482 "http://localhost:8080/todo" "Mozilla/5.0 (Windows NT 10.0; Win64; x64) AppleWebKit/537.36 (KHTML, like Gecko) Chrome/65.0.3325.181 Safari/537.36"
::1 - - [23/Apr/2018:13:34:07 +0000] "GET /todo HTTP/1.1" 304 - "-" "Mozilla/5.0 (Windows NT 10.0; Win64; x64) AppleWebKit/537.36 (KHTML, like Gecko) Chrome/65.0.3325.181 Safari/537.36"
::1 - - [23/Apr/2018:13:34:09 +0000] "GET /todo HTTP/1.1" 304 - "-" "Mozilla/5.0 (Windows NT 10.0; Win64; x64) AppleWebKit/537.36 (KHTML, like Gecko) Chrome/65.0.3325.181 Safari/537.36"
::1 - - [23/Apr/2018:13:34:17 +0000] "GET /todo HTTP/1.1" 304 - "-" "Mozilla/5.0 (Windows NT 10.0; Win64; x64) AppleWebKit/537.36 (KHTML, like Gecko) Chrome/65.0.3325.181 Safari/537.36"
::1 - - [23/Apr/2018:13:41:40 +0000] "GET /todo/create HTTP/1.1" 200 502 "-" "Mozilla/5.0 (Windows NT 10.0; Win64; x64) AppleWebKit/537.36 (KHTML, like Gecko) Chrome/65.0.3325.181 Safari/537.36"
::1 - - [23/Apr/2018:13:48:36 +0000] "GET /todo HTTP/1.1" 200 988 "-" "Mozilla/5.0 (Windows NT 10.0; Win64; x64) AppleWebKit/537.36 (KHTML, like Gecko) Chrome/65.0.3325.181 Safari/537.36"
::1 - - [23/Apr/2018:13:48:48 +0000] "GET /todo/create HTTP/1.1" 304 - "-" "Mozilla/5.0 (Windows NT 10.0; Win64; x64) AppleWebKit/537.36 (KHTML, like Gecko) Chrome/65.0.3325.181 Safari/537.36"
::1 - - [23/Apr/2018:13:57:28 +0000] "POST /todo/save HTTP/1.1" 302 54 "http://localhost:8080/todo/create" "Mozilla/5.0 (Windows NT 10.0; Win64; x64) AppleWebKit/537.36 (KHTML, like Gecko) Chrome/65.0.3325.181 Safari/537.36"
::1 - - [23/Apr/2018:13:57:28 +0000] "GET /todo HTTP/1.1" 304 - "http://localhost:8080/todo/create" "Mozilla/5.0 (Windows NT 10.0; Win64; x64) AppleWebKit/537.36 (KHTML, like Gecko) Chrome/65.0.3325.181 Safari/537.36"
::1 - - [23/Apr/2018:13:58:02 +0000] "GET /create HTTP/1.1" 404 145 "-" "Mozilla/5.0 (Windows NT 10.0; Win64; x64) AppleWebKit/537.36 (KHTML, like Gecko) Chrome/65.0.3325.181 Safari/537.36"
::1 - - [23/Apr/2018:13:58:08 +0000] "GET /todo HTTP/1.1" 304 - "-" "Mozilla/5.0 (Windows NT 10.0; Win64; x64) AppleWebKit/537.36 (KHTML, like Gecko) Chrome/65.0.3325.181 Safari/537.36"
::1 - - [23/Apr/2018:13:58:10 +0000] "GET /todo/create HTTP/1.1" 304 - "-" "Mozilla/5.0 (Windows NT 10.0; Win64; x64) AppleWebKit/537.36 (KHTML, like Gecko) Chrome/65.0.3325.181 Safari/537.36"
::1 - - [23/Apr/2018:13:58:14 +0000] "POST /todo/save HTTP/1.1" 302 54 "http://localhost:8080/todo/create" "Mozilla/5.0 (Windows NT 10.0; Win64; x64) AppleWebKit/537.36 (KHTML, like Gecko) Chrome/65.0.3325.181 Safari/537.36"
::1 - - [23/Apr/2018:14:00:28 +0000] "GET /todo/create HTTP/1.1" 304 - "-" "Mozilla/5.0 (Windows NT 10.0; Win64; x64) AppleWebKit/537.36 (KHTML, like Gecko) Chrome/65.0.3325.181 Safari/537.36"
::1 - - [23/Apr/2018:14:00:32 +0000] "POST /todo/save HTTP/1.1" 302 54 "http://localhost:8080/todo/create" "Mozilla/5.0 (Windows NT 10.0; Win64; x64) AppleWebKit/537.36 (KHTML, like Gecko) Chrome/65.0.3325.181 Safari/537.36"
::1 - - [23/Apr/2018:14:00:32 +0000] "GET /todo HTTP/1.1" 304 - "http://localhost:8080/todo/create" "Mozilla/5.0 (Windows NT 10.0; Win64; x64) AppleWebKit/537.36 (KHTML, like Gecko) Chrome/65.0.3325.181 Safari/537.36"
::1 - - [23/Apr/2018:14:05:38 +0000] "GET /todo/create HTTP/1.1" 304 - "-" "Mozilla/5.0 (Windows NT 10.0; Win64; x64) AppleWebKit/537.36 (KHTML, like Gecko) Chrome/65.0.3325.181 Safari/537.36"
::1 - - [23/Apr/2018:14:05:45 +0000] "POST /todo/save HTTP/1.1" 302 54 "http://localhost:8080/todo/create" "Mozilla/5.0 (Windows NT 10.0; Win64; x64) AppleWebKit/537.36 (KHTML, like Gecko) Chrome/65.0.3325.181 Safari/537.36"
::1 - - [23/Apr/2018:14:05:45 +0000] "GET /todo HTTP/1.1" 200 1119 "http://localhost:8080/todo/create" "Mozilla/5.0 (Windows NT 10.0; Win64; x64) AppleWebKit/537.36 (KHTML, like Gecko) Chrome/65.0.3325.181 Safari/537.36"
::1 - - [23/Apr/2018:14:10:44 +0000] "GET /todo HTTP/1.1" 200 988 "-" "Mozilla/5.0 (Windows NT 10.0; Win64; x64) AppleWebKit/537.36 (KHTML, like Gecko) Chrome/65.0.3325.181 Safari/537.36"
::1 - - [23/Apr/2018:14:10:50 +0000] "GET /todo/create HTTP/1.1" 304 - "-" "Mozilla/5.0 (Windows NT 10.0; Win64; x64) AppleWebKit/537.36 (KHTML, like Gecko) Chrome/65.0.3325.181 Safari/537.36"
::1 - - [23/Apr/2018:14:10:54 +0000] "POST /todo/save HTTP/1.1" 302 54 "http://localhost:8080/todo/create" "Mozilla/5.0 (Windows NT 10.0; Win64; x64) AppleWebKit/537.36 (KHTML, like Gecko) Chrome/65.0.3325.181 Safari/537.36"
::1 - - [23/Apr/2018:14:10:54 +0000] "GET /todo HTTP/1.1" 200 1119 "http://localhost:8080/todo/create" "Mozilla/5.0 (Windows NT 10.0; Win64; x64) AppleWebKit/537.36 (KHTML, like Gecko) Chrome/65.0.3325.181 Safari/537.36"
::1 - - [23/Apr/2018:14:11:38 +0000] "GET /todo/create HTTP/1.1" 304 - "-" "Mozilla/5.0 (Windows NT 10.0; Win64; x64) AppleWebKit/537.36 (KHTML, like Gecko) Chrome/65.0.3325.181 Safari/537.36"
::1 - - [23/Apr/2018:14:11:44 +0000] "POST /todo/save HTTP/1.1" 302 54 "http://localhost:8080/todo/create" "Mozilla/5.0 (Windows NT 10.0; Win64; x64) AppleWebKit/537.36 (KHTML, like Gecko) Chrome/65.0.3325.181 Safari/537.36"
::1 - - [23/Apr/2018:14:11:44 +0000] "GET /todo HTTP/1.1" 200 1247 "http://localhost:8080/todo/create" "Mozilla/5.0 (Windows NT 10.0; Win64; x64) AppleWebKit/537.36 (KHTML, like Gecko) Chrome/65.0.3325.181 Safari/537.36"
::1 - - [23/Apr/2018:14:11:46 +0000] "GET /todo/delete/6 HTTP/1.1" 302 54 "http://localhost:8080/todo" "Mozilla/5.0 (Windows NT 10.0; Win64; x64) AppleWebKit/537.36 (KHTML, like Gecko) Chrome/65.0.3325.181 Safari/537.36"
::1 - - [23/Apr/2018:14:11:46 +0000] "GET /todo HTTP/1.1" 200 1119 "http://localhost:8080/todo" "Mozilla/5.0 (Windows NT 10.0; Win64; x64) AppleWebKit/537.36 (KHTML, like Gecko) Chrome/65.0.3325.181 Safari/537.36"
::1 - - [23/Apr/2018:14:11:48 +0000] "GET /todo/delete/5 HTTP/1.1" 302 54 "http://localhost:8080/todo" "Mozilla/5.0 (Windows NT 10.0; Win64; x64) AppleWebKit/537.36 (KHTML, like Gecko) Chrome/65.0.3325.181 Safari/537.36"
::1 - - [23/Apr/2018:14:11:48 +0000] "GET /todo HTTP/1.1" 200 988 "http://localhost:8080/todo" "Mozilla/5.0 (Windows NT 10.0; Win64; x64) AppleWebKit/537.36 (KHTML, like Gecko) Chrome/65.0.3325.181 Safari/537.36"
::1 - - [23/Apr/2018:14:11:49 +0000] "GET /todo/delete/4 HTTP/1.1" 302 54 "http://localhost:8080/todo" "Mozilla/5.0 (Windows NT 10.0; Win64; x64) AppleWebKit/537.36 (KHTML, like Gecko) Chrome/65.0.3325.181 Safari/537.36"
::1 - - [23/Apr/2018:14:11:49 +0000] "GET /todo HTTP/1.1" 200 860 "http://localhost:8080/todo" "Mozilla/5.0 (Windows NT 10.0; Win64; x64) AppleWebKit/537.36 (KHTML, like Gecko) Chrome/65.0.3325.181 Safari/537.36"
::1 - - [23/Apr/2018:14:11:51 +0000] "GET /todo/delete/3 HTTP/1.1" 302 54 "http://localhost:8080/todo" "Mozilla/5.0 (Windows NT 10.0; Win64; x64) AppleWebKit/537.36 (KHTML, like Gecko) Chrome/65.0.3325.181 Safari/537.36"
::1 - - [23/Apr/2018:14:11:51 +0000] "GET /todo HTTP/1.1" 200 734 "http://localhost:8080/todo" "Mozilla/5.0 (Windows NT 10.0; Win64; x64) AppleWebKit/537.36 (KHTML, like Gecko) Chrome/65.0.3325.181 Safari/537.36"
::1 - - [23/Apr/2018:14:13:19 +0000] "GET /todo/create HTTP/1.1" 304 - "-" "Mozilla/5.0 (Windows NT 10.0; Win64; x64) AppleWebKit/537.36 (KHTML, like Gecko) Chrome/65.0.3325.181 Safari/537.36"
